[0;35m
â•”â•â•â•â•â•â•â•â•â•â•â•â•â•â•â•â•â•â•â•â•â•â•â•â•â•â•â•â•â•â•â•â•â•â•â•â•â•â•â•â•â•â•â•â•â•â•â•â•â•â•â•â•â•â•â•â•â•â•â•—
â•‘                                                          â•‘
â•‘    â–ˆâ–ˆâ–ˆâ–ˆâ–ˆâ–ˆâ•— â–ˆâ–ˆâ–ˆâ–ˆâ–ˆâ–ˆâ–ˆâ•— â–ˆâ–ˆâ–ˆâ–ˆâ–ˆâ–ˆâ•— â–ˆâ–ˆâ–ˆâ–ˆâ–ˆâ–ˆâ•— â–ˆâ–ˆâ–ˆâ–ˆâ–ˆâ–ˆâ–ˆâ•—â–ˆâ–ˆâ–ˆâ–ˆâ–ˆâ–ˆâ–ˆâ–ˆâ•—   â•‘
â•‘    â–ˆâ–ˆâ•”â•â•â–ˆâ–ˆâ•—â–ˆâ–ˆâ•”â•â•â•â•â•â–ˆâ–ˆâ•”â•â•â•â–ˆâ–ˆâ•—â–ˆâ–ˆâ•”â•â•â–ˆâ–ˆâ•—â–ˆâ–ˆâ•”â•â•â•â•â•â•šâ•â•â–ˆâ–ˆâ•”â•â•â•   â•‘
â•‘    â–ˆâ–ˆâ–ˆâ–ˆâ–ˆâ–ˆâ•”â•â–ˆâ–ˆâ–ˆâ–ˆâ–ˆâ•—  â–ˆâ–ˆâ•‘   â–ˆâ–ˆâ•‘â–ˆâ–ˆâ–ˆâ–ˆâ–ˆâ–ˆâ•”â•â–ˆâ–ˆâ–ˆâ–ˆâ–ˆâ•—     â–ˆâ–ˆâ•‘      â•‘
â•‘    â–ˆâ–ˆâ•”â•â•â–ˆâ–ˆâ•—â–ˆâ–ˆâ•”â•â•â•  â–ˆâ–ˆâ•‘   â–ˆâ–ˆâ•‘â–ˆâ–ˆâ•”â•â•â–ˆâ–ˆâ•—â–ˆâ–ˆâ•”â•â•â•     â–ˆâ–ˆâ•‘      â•‘
â•‘    â–ˆâ–ˆâ•‘  â–ˆâ–ˆâ•‘â–ˆâ–ˆâ–ˆâ–ˆâ–ˆâ–ˆâ–ˆâ•—â•šâ–ˆâ–ˆâ–ˆâ–ˆâ–ˆâ–ˆâ•”â•â–ˆâ–ˆâ•‘  â–ˆâ–ˆâ•‘â–ˆâ–ˆâ–ˆâ–ˆâ–ˆâ–ˆâ–ˆâ•—   â–ˆâ–ˆâ•‘      â•‘
â•‘    â•šâ•â•  â•šâ•â•â•šâ•â•â•â•â•â•â• â•šâ•â•â•â•â•â• â•šâ•â•  â•šâ•â•â•šâ•â•â•â•â•â•â•   â•šâ•â•      â•‘
â•‘                                                          â•‘
â•‘            Quantum-Inspired Security Platform           â•‘
â•‘                   AI-Powered Defense                    â•‘
â•‘                                                          â•‘
â•šâ•â•â•â•â•â•â•â•â•â•â•â•â•â•â•â•â•â•â•â•â•â•â•â•â•â•â•â•â•â•â•â•â•â•â•â•â•â•â•â•â•â•â•â•â•â•â•â•â•â•â•â•â•â•â•â•â•â•â•
[0;36m[+] OMNIA-PRIV v3.0 - Quantum-Inspired Security Platform[0m
[0;36m[+] Logging to: logs/omnia-priv-2025-10-05_20:28:21.log[0m
[0;34m[*] Running complete quantum security scan...[0m
[0;34m[*] Running quantum-inspired threat detection...[0m
Traceback (most recent call last):
  File "/home/killuax/Desktop/tools/omnia-priv/quantum/detection.py", line 4, in <module>
    from qiskit import QuantumCircuit, execute, Aer
ModuleNotFoundError: No module named 'qiskit'
[0;31m[!] Quantum detection failed[0m
[0;34m[*] Running generative AI attack simulation...[0m
Traceback (most recent call last):
  File "/home/killuax/Desktop/tools/omnia-priv/generative/attack_simulator.py", line 3, in <module>
    import tensorflow as tf
ModuleNotFoundError: No module named 'tensorflow'
[0;31m[!] AI simulation failed[0m
[0;34m[*] Running predictive zero-day forecasting...[0m
[0;36m[+] Analyzing kernel version: 6.12.38+kali-amd64[0m
Traceback (most recent call last):
  File "<string>", line 15, in <module>
    print(f'[+] Zero-day forecast for kernel {kernel_version}')
                                              ^^^^^^^^^^^^^^
NameError: name 'kernel_version' is not defined
[0;34m[*] Running autonomous incident response...[0m
[0;36m[+] Scanning for suspicious processes...[0m
[0;31m[!] Suspicious processes detected[0m
root           6  0.0  0.0      0     0 ?        I<   20:26   0:00 [kworker/R-sync_wq]
root          95  0.0  0.0      0     0 ?        I    20:26   0:00 [kworker/u48:5-async]
systemd+     596  0.0  0.0  92380  8520 ?        Ssl  20:26   0:00 /usr/lib/systemd/systemd-timesyncd
root        1793  0.0  0.0  12972  2676 ?        Ss   20:26   0:00 /usr/sbin/vmware-authdlauncher
killuax     2022  0.0  0.0 381244  7352 ?        Ssl  20:26   0:00 /usr/libexec/at-spi-bus-launcher
killuax     3170 83.0  4.2 1467329036 696384 ?   Sl   20:27   1:04 /proc/self/exe --type=renderer --crashpad-handler-pid=3053 --enable-crash-reporter=8046866b-2fec-48ae-8439-787935f43397,no_channel --user-data-dir=/home/killuax/.config/discord --standard-schemes=disclip --secure-schemes=disclip,sentry-ipc --bypasscsp-schemes=sentry-ipc --cors-schemes=sentry-ipc --fetch-schemes=disclip,sentry-ipc --streaming-schemes=disclip --app-path=/usr/share/discord/resources/app.asar --no-sandbox --no-zygote --enable-blink-features=EnumerateDevices,AudioOutputDevices --autoplay-policy=no-user-gesture-required --lang=en-US --num-raster-threads=4 --enable-main-frame-before-activation --renderer-client-id=6 --time-ticks-at-unix-epoch=-1759685190728260 --launch-time-ticks=33424925 --shared-files=v8_context_snapshot_data:100 --field-trial-handle=3,i,17477558654216543367,7658563311721671272,262144 --disable-features=AllowAggressiveThrottlingWithWebSocket,HardwareMediaKeyHandling,IntensiveWakeUpThrottling,MediaSessionService,SpareRendererForSitePerProcess,UseEcoQoSForBackgroundProcess,WinRetrieveSuggestionsOnlyOnDemand --variations-seed-version --enable-node-leakage-in-renderers
[1;33m[!] Terminating suspicious processes[0m
[0;32m[+] Suspicious processes terminated[0m
[0;36m[+] Scanning for unusual network connections...[0m
[0;32m[+] No unusual network connections found[0m
[0;32m[+] Autonomous response completed[0m
[0;34m[*] Creating blockchain-secured log entry...[0m
[+] Blockchain log entry created
[+] Block file: blockchain/ledger/block_1759685302.json
[+] Hash: 48650163ecfa824e48797d0fc8995c45711338d572082edcacab0c55fc236404
[0;34m[*] Running neural network anomaly detection...[0m
Traceback (most recent call last):
  File "/home/killuax/Desktop/tools/omnia-priv/neural/anomaly_detector.py", line 4, in <module>
    import tensorflow as tf
ModuleNotFoundError: No module named 'tensorflow'
[0;31m[!] Neural analysis failed[0m
[0;34m[*] Gathering metaverse threat intelligence...[0m
Collecting metaverse threat intelligence...
Scanning decentraland...
Scanning sandbox...
Scanning cryptovoxels...
Metaverse intelligence collection completed
Total threats detected: 3
Critical threats: 0
Recommendations:
- No significant threats detected - Maintain current security posture
[0;31m[!] Metaverse intelligence gathering failed[0m
[0;34m[*] Generating summary report...[0m
Traceback (most recent call last):
  File "<string>", line 30, in <module>
    print(f'[+] Summary report saved to {report_file}')
                                         ^^^^^^^^^^^
NameError: name 'report_file' is not defined
[0;32m[+] Full scan completed successfully[0m
[0;32m[+] Summary report: reports/scan_report_2025-10-05_20:28:23.json[0m
[0;32m[+] OMNIA-PRIV execution completed.[0m
